Symlinking /home/gemmaraga/Desktop/braitenberg_nav_project/ROS_Plugins/catkin_ws/devel/include/husky_gazebo_plugins/GetHuskyJointStatesRequest.h
Symlinking /home/gemmaraga/Desktop/braitenberg_nav_project/ROS_Plugins/catkin_ws/devel/include/husky_gazebo_plugins/GetHuskyOdometry.h
Symlinking /home/gemmaraga/Desktop/braitenberg_nav_project/ROS_Plugins/catkin_ws/devel/include/husky_gazebo_plugins/WheelSpeeds.h
Symlinking /home/gemmaraga/Desktop/braitenberg_nav_project/ROS_Plugins/catkin_ws/devel/include/husky_gazebo_plugins/SetHuskyCmdVelRequest.h
Symlinking /home/gemmaraga/Desktop/braitenberg_nav_project/ROS_Plugins/catkin_ws/devel/include/husky_gazebo_plugins/GetHuskyOdometryResponse.h
Symlinking /home/gemmaraga/Desktop/braitenberg_nav_project/ROS_Plugins/catkin_ws/devel/include/husky_gazebo_plugins/SetHuskyCmdVel.h
Symlinking /home/gemmaraga/Desktop/braitenberg_nav_project/ROS_Plugins/catkin_ws/devel/include/husky_gazebo_plugins/GetHuskyJointStates.h
Symlinking /home/gemmaraga/Desktop/braitenberg_nav_project/ROS_Plugins/catkin_ws/devel/include/husky_gazebo_plugins/GetHuskyOdometryRequest.h
Symlinking /home/gemmaraga/Desktop/braitenberg_nav_project/ROS_Plugins/catkin_ws/devel/include/husky_gazebo_plugins/SetHuskyCmdVelResponse.h
Symlinking /home/gemmaraga/Desktop/braitenberg_nav_project/ROS_Plugins/catkin_ws/devel/include/husky_gazebo_plugins/SetHuskyWheelSpeedsResponse.h
Symlinking /home/gemmaraga/Desktop/braitenberg_nav_project/ROS_Plugins/catkin_ws/devel/include/husky_gazebo_plugins/SetHuskyWheelSpeeds.h
Symlinking /home/gemmaraga/Desktop/braitenberg_nav_project/ROS_Plugins/catkin_ws/devel/include/husky_gazebo_plugins/SetHuskyWheelSpeedsRequest.h
Symlinking /home/gemmaraga/Desktop/braitenberg_nav_project/ROS_Plugins/catkin_ws/devel/include/husky_gazebo_plugins/GetHuskyJointStatesResponse.h
Symlinking /home/gemmaraga/Desktop/braitenberg_nav_project/ROS_Plugins/catkin_ws/devel/lib/libhusky_gazebo_plugins.so
Symlinking /home/gemmaraga/Desktop/braitenberg_nav_project/ROS_Plugins/catkin_ws/devel/lib/pkgconfig/husky_gazebo_plugins.pc
Symlinking /home/gemmaraga/Desktop/braitenberg_nav_project/ROS_Plugins/catkin_ws/devel/lib/python3/dist-packages/husky_gazebo_plugins/__init__.py
Symlinking /home/gemmaraga/Desktop/braitenberg_nav_project/ROS_Plugins/catkin_ws/devel/lib/python3/dist-packages/husky_gazebo_plugins/msg/_WheelSpeeds.py
Symlinking /home/gemmaraga/Desktop/braitenberg_nav_project/ROS_Plugins/catkin_ws/devel/lib/python3/dist-packages/husky_gazebo_plugins/msg/__init__.py
Symlinking /home/gemmaraga/Desktop/braitenberg_nav_project/ROS_Plugins/catkin_ws/devel/lib/python3/dist-packages/husky_gazebo_plugins/srv/__init__.py
Symlinking /home/gemmaraga/Desktop/braitenberg_nav_project/ROS_Plugins/catkin_ws/devel/lib/python3/dist-packages/husky_gazebo_plugins/srv/_GetHuskyJointStates.py
Symlinking /home/gemmaraga/Desktop/braitenberg_nav_project/ROS_Plugins/catkin_ws/devel/lib/python3/dist-packages/husky_gazebo_plugins/srv/_SetHuskyWheelSpeeds.py
Symlinking /home/gemmaraga/Desktop/braitenberg_nav_project/ROS_Plugins/catkin_ws/devel/lib/python3/dist-packages/husky_gazebo_plugins/srv/_SetHuskyCmdVel.py
Symlinking /home/gemmaraga/Desktop/braitenberg_nav_project/ROS_Plugins/catkin_ws/devel/lib/python3/dist-packages/husky_gazebo_plugins/srv/_GetHuskyOdometry.py
Symlinking /home/gemmaraga/Desktop/braitenberg_nav_project/ROS_Plugins/catkin_ws/devel/share/husky_gazebo_plugins/cmake/husky_gazebo_plugins-msg-paths.cmake
Symlinking /home/gemmaraga/Desktop/braitenberg_nav_project/ROS_Plugins/catkin_ws/devel/share/husky_gazebo_plugins/cmake/husky_gazebo_pluginsConfig-version.cmake
Symlinking /home/gemmaraga/Desktop/braitenberg_nav_project/ROS_Plugins/catkin_ws/devel/share/husky_gazebo_plugins/cmake/husky_gazebo_pluginsConfig.cmake
Symlinking /home/gemmaraga/Desktop/braitenberg_nav_project/ROS_Plugins/catkin_ws/devel/share/husky_gazebo_plugins/cmake/husky_gazebo_plugins-msg-extras.cmake
Symlinking /home/gemmaraga/Desktop/braitenberg_nav_project/ROS_Plugins/catkin_ws/devel/share/roseus/ros/husky_gazebo_plugins/manifest.l
Symlinking /home/gemmaraga/Desktop/braitenberg_nav_project/ROS_Plugins/catkin_ws/devel/share/roseus/ros/husky_gazebo_plugins/msg/WheelSpeeds.l
Symlinking /home/gemmaraga/Desktop/braitenberg_nav_project/ROS_Plugins/catkin_ws/devel/share/roseus/ros/husky_gazebo_plugins/srv/GetHuskyJointStates.l
Symlinking /home/gemmaraga/Desktop/braitenberg_nav_project/ROS_Plugins/catkin_ws/devel/share/roseus/ros/husky_gazebo_plugins/srv/SetHuskyCmdVel.l
Symlinking /home/gemmaraga/Desktop/braitenberg_nav_project/ROS_Plugins/catkin_ws/devel/share/roseus/ros/husky_gazebo_plugins/srv/GetHuskyOdometry.l
Symlinking /home/gemmaraga/Desktop/braitenberg_nav_project/ROS_Plugins/catkin_ws/devel/share/roseus/ros/husky_gazebo_plugins/srv/SetHuskyWheelSpeeds.l
Symlinking /home/gemmaraga/Desktop/braitenberg_nav_project/ROS_Plugins/catkin_ws/devel/share/gennodejs/ros/husky_gazebo_plugins/_index.js
Symlinking /home/gemmaraga/Desktop/braitenberg_nav_project/ROS_Plugins/catkin_ws/devel/share/gennodejs/ros/husky_gazebo_plugins/msg/WheelSpeeds.js
Symlinking /home/gemmaraga/Desktop/braitenberg_nav_project/ROS_Plugins/catkin_ws/devel/share/gennodejs/ros/husky_gazebo_plugins/msg/_index.js
Symlinking /home/gemmaraga/Desktop/braitenberg_nav_project/ROS_Plugins/catkin_ws/devel/share/gennodejs/ros/husky_gazebo_plugins/srv/SetHuskyCmdVel.js
Symlinking /home/gemmaraga/Desktop/braitenberg_nav_project/ROS_Plugins/catkin_ws/devel/share/gennodejs/ros/husky_gazebo_plugins/srv/GetHuskyOdometry.js
Symlinking /home/gemmaraga/Desktop/braitenberg_nav_project/ROS_Plugins/catkin_ws/devel/share/gennodejs/ros/husky_gazebo_plugins/srv/_index.js
Symlinking /home/gemmaraga/Desktop/braitenberg_nav_project/ROS_Plugins/catkin_ws/devel/share/gennodejs/ros/husky_gazebo_plugins/srv/SetHuskyWheelSpeeds.js
Symlinking /home/gemmaraga/Desktop/braitenberg_nav_project/ROS_Plugins/catkin_ws/devel/share/gennodejs/ros/husky_gazebo_plugins/srv/GetHuskyJointStates.js
Symlinking /home/gemmaraga/Desktop/braitenberg_nav_project/ROS_Plugins/catkin_ws/devel/share/common-lisp/ros/husky_gazebo_plugins/msg/husky_gazebo_plugins-msg.asd
Symlinking /home/gemmaraga/Desktop/braitenberg_nav_project/ROS_Plugins/catkin_ws/devel/share/common-lisp/ros/husky_gazebo_plugins/msg/WheelSpeeds.lisp
Symlinking /home/gemmaraga/Desktop/braitenberg_nav_project/ROS_Plugins/catkin_ws/devel/share/common-lisp/ros/husky_gazebo_plugins/msg/_package_WheelSpeeds.lisp
Symlinking /home/gemmaraga/Desktop/braitenberg_nav_project/ROS_Plugins/catkin_ws/devel/share/common-lisp/ros/husky_gazebo_plugins/msg/_package.lisp
Symlinking /home/gemmaraga/Desktop/braitenberg_nav_project/ROS_Plugins/catkin_ws/devel/share/common-lisp/ros/husky_gazebo_plugins/srv/GetHuskyJointStates.lisp
Symlinking /home/gemmaraga/Desktop/braitenberg_nav_project/ROS_Plugins/catkin_ws/devel/share/common-lisp/ros/husky_gazebo_plugins/srv/GetHuskyOdometry.lisp
Symlinking /home/gemmaraga/Desktop/braitenberg_nav_project/ROS_Plugins/catkin_ws/devel/share/common-lisp/ros/husky_gazebo_plugins/srv/SetHuskyWheelSpeeds.lisp
Symlinking /home/gemmaraga/Desktop/braitenberg_nav_project/ROS_Plugins/catkin_ws/devel/share/common-lisp/ros/husky_gazebo_plugins/srv/husky_gazebo_plugins-srv.asd
Symlinking /home/gemmaraga/Desktop/braitenberg_nav_project/ROS_Plugins/catkin_ws/devel/share/common-lisp/ros/husky_gazebo_plugins/srv/_package_GetHuskyOdometry.lisp
Symlinking /home/gemmaraga/Desktop/braitenberg_nav_project/ROS_Plugins/catkin_ws/devel/share/common-lisp/ros/husky_gazebo_plugins/srv/_package_SetHuskyWheelSpeeds.lisp
Symlinking /home/gemmaraga/Desktop/braitenberg_nav_project/ROS_Plugins/catkin_ws/devel/share/common-lisp/ros/husky_gazebo_plugins/srv/_package_GetHuskyJointStates.lisp
Symlinking /home/gemmaraga/Desktop/braitenberg_nav_project/ROS_Plugins/catkin_ws/devel/share/common-lisp/ros/husky_gazebo_plugins/srv/_package_SetHuskyCmdVel.lisp
Symlinking /home/gemmaraga/Desktop/braitenberg_nav_project/ROS_Plugins/catkin_ws/devel/share/common-lisp/ros/husky_gazebo_plugins/srv/_package.lisp
Symlinking /home/gemmaraga/Desktop/braitenberg_nav_project/ROS_Plugins/catkin_ws/devel/share/common-lisp/ros/husky_gazebo_plugins/srv/SetHuskyCmdVel.lisp
