[  0%] Built target geometry_msgs_generate_messages_eus
[  0%] Built target std_msgs_generate_messages_eus
[  0%] Built target nav_msgs_generate_messages_eus
[  0%] Built target sensor_msgs_generate_messages_eus
[  0%] Built target std_msgs_generate_messages_nodejs
[  0%] Built target geometry_msgs_generate_messages_nodejs
[  0%] Built target _husky_gazebo_plugins_generate_messages_check_deps_GetHuskyJointStates
[  0%] Built target _husky_gazebo_plugins_generate_messages_check_deps_SetHuskyWheelSpeeds
[  0%] Built target _husky_gazebo_plugins_generate_messages_check_deps_GetHuskyOdometry
[  0%] Built target _husky_gazebo_plugins_generate_messages_check_deps_WheelSpeeds
[  0%] Built target _husky_gazebo_plugins_generate_messages_check_deps_SetHuskyCmdVel
[  0%] Built target nav_msgs_generate_messages_nodejs
[  0%] Built target sensor_msgs_generate_messages_nodejs
[  0%] Built target sensor_msgs_generate_messages_cpp
[  0%] Built target std_msgs_generate_messages_cpp
[  0%] Built target geometry_msgs_generate_messages_cpp
[  0%] Built target nav_msgs_generate_messages_cpp
[  0%] Built target std_msgs_generate_messages_py
[  0%] Built target geometry_msgs_generate_messages_py
[  0%] Built target sensor_msgs_generate_messages_py
[  0%] Built target nav_msgs_generate_messages_py
[  0%] Built target sensor_msgs_generate_messages_lisp
[  0%] Built target nav_msgs_generate_messages_lisp
[  0%] Built target std_msgs_generate_messages_lisp
[  0%] Built target geometry_msgs_generate_messages_lisp
[ 23%] Built target husky_gazebo_plugins_generate_messages_py
[ 43%] Built target husky_gazebo_plugins_generate_messages_eus
[ 60%] Built target husky_gazebo_plugins_generate_messages_nodejs
[ 76%] Built target husky_gazebo_plugins_generate_messages_cpp
[ 93%] Built target husky_gazebo_plugins_generate_messages_lisp
[ 93%] Built target husky_gazebo_plugins_generate_messages
[100%] Built target husky_gazebo_plugins
