[35m[1mScanning dependencies of target geometry_msgs_generate_messages_cpp[0m
[35m[1mScanning dependencies of target geometry_msgs_generate_messages_eus[0m
[35m[1mScanning dependencies of target std_msgs_generate_messages_lisp[0m
[35m[1mScanning dependencies of target std_msgs_generate_messages_eus[0m
[35m[1mScanning dependencies of target _husky_follow_light_generate_messages_check_deps_PerformAction[0m
[35m[1mScanning dependencies of target std_msgs_generate_messages_cpp[0m
[35m[1mScanning dependencies of target geometry_msgs_generate_messages_lisp[0m
[  0%] Built target geometry_msgs_generate_messages_cpp
[  0%] Built target geometry_msgs_generate_messages_eus
[  0%] Built target std_msgs_generate_messages_eus
[  0%] Built target std_msgs_generate_messages_lisp
[  0%] Built target std_msgs_generate_messages_cpp
[  0%] Built target geometry_msgs_generate_messages_lisp
[35m[1mScanning dependencies of target std_msgs_generate_messages_py[0m
[35m[1mScanning dependencies of target std_msgs_generate_messages_nodejs[0m
[35m[1mScanning dependencies of target geometry_msgs_generate_messages_nodejs[0m
[35m[1mScanning dependencies of target geometry_msgs_generate_messages_py[0m
[  0%] Built target geometry_msgs_generate_messages_py
[  0%] Built target std_msgs_generate_messages_py
[  0%] Built target std_msgs_generate_messages_nodejs
[  0%] Built target geometry_msgs_generate_messages_nodejs
[  0%] Built target _husky_follow_light_generate_messages_check_deps_PerformAction
[35m[1mScanning dependencies of target husky_follow_light_generate_messages_py[0m
[35m[1mScanning dependencies of target husky_follow_light_generate_messages_nodejs[0m
[35m[1mScanning dependencies of target husky_follow_light_generate_messages_cpp[0m
[35m[1mScanning dependencies of target husky_follow_light_generate_messages_eus[0m
[35m[1mScanning dependencies of target husky_follow_light_generate_messages_lisp[0m
[ 28%] [34m[1mGenerating Javascript code from husky_follow_light/PerformAction.srv[0m
[ 28%] [34m[1mGenerating C++ code from husky_follow_light/PerformAction.srv[0m
[ 42%] [34m[1mGenerating EusLisp manifest code for husky_follow_light[0m
[ 57%] [34m[1mGenerating Lisp code from husky_follow_light/PerformAction.srv[0m
[ 71%] [34m[1mGenerating EusLisp code from husky_follow_light/PerformAction.srv[0m
[ 85%] [34m[1mGenerating Python code from SRV husky_follow_light/PerformAction[0m
[ 85%] Built target husky_follow_light_generate_messages_lisp
[ 85%] Built target husky_follow_light_generate_messages_nodejs
[ 85%] Built target husky_follow_light_generate_messages_cpp
[100%] [34m[1mGenerating Python srv __init__.py for husky_follow_light[0m
[100%] Built target husky_follow_light_generate_messages_py
[100%] Built target husky_follow_light_generate_messages_eus
[35m[1mScanning dependencies of target husky_follow_light_generate_messages[0m
[100%] Built target husky_follow_light_generate_messages
