Symlinking /home/gemmaraga/Desktop/braitenberg_nav_project/ROS_Plugins/catkin_ws/devel/include/husky_follow_light/PerformAction.h
Symlinking /home/gemmaraga/Desktop/braitenberg_nav_project/ROS_Plugins/catkin_ws/devel/include/husky_follow_light/PerformActionRequest.h
Symlinking /home/gemmaraga/Desktop/braitenberg_nav_project/ROS_Plugins/catkin_ws/devel/include/husky_follow_light/PerformActionResponse.h
Symlinking /home/gemmaraga/Desktop/braitenberg_nav_project/ROS_Plugins/catkin_ws/devel/lib/pkgconfig/husky_follow_light.pc
Symlinking /home/gemmaraga/Desktop/braitenberg_nav_project/ROS_Plugins/catkin_ws/devel/lib/python3/dist-packages/husky_follow_light/__init__.py
Symlinking /home/gemmaraga/Desktop/braitenberg_nav_project/ROS_Plugins/catkin_ws/devel/lib/python3/dist-packages/husky_follow_light/srv/__init__.py
Symlinking /home/gemmaraga/Desktop/braitenberg_nav_project/ROS_Plugins/catkin_ws/devel/lib/python3/dist-packages/husky_follow_light/srv/_PerformAction.py
Symlinking /home/gemmaraga/Desktop/braitenberg_nav_project/ROS_Plugins/catkin_ws/devel/lib/python3/dist-packages/smach_states/__init__.py
Symlinking /home/gemmaraga/Desktop/braitenberg_nav_project/ROS_Plugins/catkin_ws/devel/share/roseus/ros/husky_follow_light/manifest.l
Symlinking /home/gemmaraga/Desktop/braitenberg_nav_project/ROS_Plugins/catkin_ws/devel/share/roseus/ros/husky_follow_light/srv/PerformAction.l
Symlinking /home/gemmaraga/Desktop/braitenberg_nav_project/ROS_Plugins/catkin_ws/devel/share/husky_follow_light/cmake/husky_follow_lightConfig.cmake
Symlinking /home/gemmaraga/Desktop/braitenberg_nav_project/ROS_Plugins/catkin_ws/devel/share/husky_follow_light/cmake/husky_follow_light-msg-extras.cmake
Symlinking /home/gemmaraga/Desktop/braitenberg_nav_project/ROS_Plugins/catkin_ws/devel/share/husky_follow_light/cmake/husky_follow_light-msg-paths.cmake
Symlinking /home/gemmaraga/Desktop/braitenberg_nav_project/ROS_Plugins/catkin_ws/devel/share/husky_follow_light/cmake/husky_follow_lightConfig-version.cmake
Symlinking /home/gemmaraga/Desktop/braitenberg_nav_project/ROS_Plugins/catkin_ws/devel/share/gennodejs/ros/husky_follow_light/_index.js
Symlinking /home/gemmaraga/Desktop/braitenberg_nav_project/ROS_Plugins/catkin_ws/devel/share/gennodejs/ros/husky_follow_light/srv/PerformAction.js
Symlinking /home/gemmaraga/Desktop/braitenberg_nav_project/ROS_Plugins/catkin_ws/devel/share/gennodejs/ros/husky_follow_light/srv/_index.js
Symlinking /home/gemmaraga/Desktop/braitenberg_nav_project/ROS_Plugins/catkin_ws/devel/share/common-lisp/ros/husky_follow_light/srv/husky_follow_light-srv.asd
Symlinking /home/gemmaraga/Desktop/braitenberg_nav_project/ROS_Plugins/catkin_ws/devel/share/common-lisp/ros/husky_follow_light/srv/_package_PerformAction.lisp
Symlinking /home/gemmaraga/Desktop/braitenberg_nav_project/ROS_Plugins/catkin_ws/devel/share/common-lisp/ros/husky_follow_light/srv/_package.lisp
Symlinking /home/gemmaraga/Desktop/braitenberg_nav_project/ROS_Plugins/catkin_ws/devel/share/common-lisp/ros/husky_follow_light/srv/PerformAction.lisp
